<?xml version="1.0" encoding="UTF-8"?>
<!-- Generated by org.testng.reporters.JUnitXMLReporter -->
<testsuite ignored="2" hostname="DESKTOP-OTV5CFD" failures="1" tests="2" name="Test" time="48.463" errors="0" timestamp="2022-10-18T14:03:50 IST">
  <testcase classname="com.Test.Test3_Excel" name="verifyTest1" time="14.701">
    <failure type="java.lang.AssertionError" message="expected [true] but found [false]">
      <![CDATA[java.lang.AssertionError: expected [true] but found [false]
at com.Test.Test3_Excel.verifyTest1(Test3_Excel.java:29)
at java.base/java.util.ArrayList.forEach(ArrayList.java:1511)
... Removed 29 stack frames]]>
    </failure>
  </testcase> <!-- verifyTest1 -->
  <testcase classname="com.Test.Test2" name="Test1" time="4.686"/>
  <testcase classname="com.Utility.BaseClass" name="@BeforeSuite BS" time="0.0">
    <ignored/>
  </testcase> <!-- @BeforeSuite BS -->
  <testcase classname="com.Utility.BaseClass" name="@AfterSuite AS" time="0.0">
    <ignored/>
  </testcase> <!-- @AfterSuite AS -->
</testsuite> <!-- Test -->
