<?xml version="1.0" encoding="UTF-8"?>
<!-- Generated by org.testng.reporters.JUnitXMLReporter -->
<testsuite ignored="0" hostname="DESKTOP-OTV5CFD" failures="0" tests="1" name="Test_FireFox" time="13.217" errors="0" timestamp="2022-10-17T20:58:47 IST">
  <testcase classname="com.Utility.BaseClass" name="@BeforeMethod setUp" time="13.127">
    <failure type="java.lang.NullPointerException" message="Cannot invoke &amp;quot;com.Utility.ConfigDataProvider.getBaseUrl()&amp;quot; because &amp;quot;com.Utility.BaseClass.config&amp;quot; is null">
      <![CDATA[java.lang.NullPointerException: Cannot invoke "com.Utility.ConfigDataProvider.getBaseUrl()" because "com.Utility.BaseClass.config" is null
at com.Utility.BaseClass.setUp(BaseClass.java:53)
at java.base/java.util.ArrayList.forEach(ArrayList.java:1511)
... Removed 29 stack frames]]>
    </failure>
  </testcase> <!-- @BeforeMethod setUp -->
  <testcase classname="com.Utility.BaseClass" name="@AfterMethod tearDown" time="-1.666020527116E9">
    <skipped/>
  </testcase> <!-- @AfterMethod tearDown -->
  <testcase classname="com.Test.Test1" name="verifyTest1" time="0.0">
    <skipped/>
  </testcase> <!-- verifyTest1 -->
</testsuite> <!-- Test_FireFox -->
